[debug] [2018-06-14T19:34:55.995Z] ----------------------------------------------------------------------
[debug] [2018-06-14T19:34:55.997Z] Command:       /Users/rob.ritzenhein/.nvm/versions/node/v8.11.2/bin/node /Users/rob.ritzenhein/.nvm/versions/node/v8.11.2/bin/firebase serve --only functions,hosting
[debug] [2018-06-14T19:34:55.997Z] CLI Version:   3.18.6
[debug] [2018-06-14T19:34:55.997Z] Platform:      darwin
[debug] [2018-06-14T19:34:55.997Z] Node Version:  v8.11.2
[debug] [2018-06-14T19:34:55.999Z] Time:          Thu Jun 14 2018 15:34:55 GMT-0400 (EDT)
[debug] [2018-06-14T19:34:55.999Z] ----------------------------------------------------------------------
[debug] 
[debug] [2018-06-14T19:34:56.016Z] > command requires scopes: ["email","openid","https://www.googleapis.com/auth/cloudplatformprojects.readonly","https://www.googleapis.com/auth/firebase","https://www.googleapis.com/auth/cloud-platform"]
[debug] [2018-06-14T19:34:56.017Z] > authorizing via signed-in user
[debug] [2018-06-14T19:34:56.019Z] >>> HTTP REQUEST GET https://admin.firebase.com/v1/projects/film-fair-2018  
  
 Thu Jun 14 2018 15:34:56 GMT-0400 (EDT)
[debug] [2018-06-14T19:34:56.355Z] <<< HTTP RESPONSE 200
[debug] [2018-06-14T19:34:56.356Z] >>> HTTP REQUEST GET https://admin.firebase.com/v1/database/film-fair-2018/tokens  
  
 Thu Jun 14 2018 15:34:56 GMT-0400 (EDT)
[debug] [2018-06-14T19:34:56.697Z] <<< HTTP RESPONSE 200
[debug] [2018-06-14T19:34:56.699Z] >>> HTTP REQUEST GET https://cloudresourcemanager.googleapis.com/v1/projects/film-fair-2018  
  
 Thu Jun 14 2018 15:34:56 GMT-0400 (EDT)
[debug] [2018-06-14T19:34:56.818Z] <<< HTTP RESPONSE 200
[info] 
[info] === Serving from '/Users/rob.ritzenhein/Sites/filmfair2018-be'...
[info] 
[info] i  functions: Preparing to emulate functions.
[debug] [2018-06-14T19:35:07.242Z] Fetching environment
[debug] [2018-06-14T19:35:07.245Z] >>> HTTP REQUEST GET https://mobilesdk-pa.googleapis.com/v1/projects/882633391876:getServerAppConfig  
  
 Thu Jun 14 2018 15:35:07 GMT-0400 (EDT)
[debug] [2018-06-14T19:35:07.246Z] >>> HTTP REQUEST GET https://mobilesdk-pa.googleapis.com/v1/projects/882633391876/clients/_:getWebAppConfig  
  
 Thu Jun 14 2018 15:35:07 GMT-0400 (EDT)
[debug] [2018-06-14T19:35:09.447Z] <<< HTTP RESPONSE 200
[debug] [2018-06-14T19:35:09.447Z] Starting @google-cloud/functions-emulator
[debug] [2018-06-14T19:35:09.480Z] <<< HTTP RESPONSE 200
[info] i  hosting: Serving hosting files from: public
[info] ✔  hosting: Local server: http://localhost:5000

[debug] [2018-06-14T19:35:13.229Z] Parsing function triggers
[info] ✔  functions: app: http://localhost:5001/film-fair-2018/us-central1/app
[info] [hosting] Rewriting /getCameras to local function app
[info] [hosting] Rewriting /getCameras to local function app
[info] [hosting] Rewriting /getCameras to local function app
[info] [hosting] Rewriting /getCameras to local function app
[info] [hosting] Rewriting /getCameras to local function app
[info] [hosting] Rewriting /getCameras to local function app
[info] [hosting] Rewriting /getCameras to local function app
[info] [hosting] Rewriting /getCameras to local function app
[info] [hosting] Rewriting /getCameras to local function app
[info] [hosting] Rewriting /getCameras to local function app
[info] [hosting] Rewriting /getCameras to local function app
